<?xml version="1.0" encoding="UTF-8"?>
<!-- Generated by org.testng.reporters.JUnitReportReporter -->
<testsuite hostname="Arshlan" failures="0" tests="1" name="day3.PathAndQueryParameter" time="2.875" errors="0" timestamp="2025-03-11T16:39:47 IST" skipped="0">
  <testcase classname="day3.PathAndQueryParameter" name="testQueryAndPathParameters" time="2.875"/>
</testsuite> <!-- day3.PathAndQueryParameter -->
