<?xml version="1.0" encoding="UTF-8"?>
<!-- Generated by org.testng.reporters.JUnitReportReporter -->
<testsuite hostname="Arshlan" failures="0" tests="1" name="day1.HttpRequest" time="3.718" errors="0" timestamp="2025-03-10T16:54:27 IST" skipped="0">
  <testcase classname="day1.HttpRequest" name="createUser" time="3.718"/>
</testsuite> <!-- day1.HttpRequest -->
