<?xml version="1.0" encoding="UTF-8"?>
<!-- Generated by org.testng.reporters.JUnitReportReporter -->
<testsuite hostname="Arshlan" failures="0" tests="1" name="example.JSONSchemaValidator" time="2.676" errors="0" timestamp="2025-03-18T17:00:42 IST" skipped="0">
  <testcase classname="example.JSONSchemaValidator" name="testGet" time="2.676"/>
</testsuite> <!-- example.JSONSchemaValidator -->
