<?xml version="1.0" encoding="UTF-8"?>
<!-- Generated by org.testng.reporters.JUnitReportReporter -->
<testsuite hostname="Arshlan" failures="0" tests="2" name="example.Example" time="2.736" errors="0" timestamp="2025-03-18T15:12:18 IST" skipped="0">
  <testcase classname="example.Example" name="test_2" time="0.892"/>
  <testcase classname="example.Example" name="test_1" time="1.844"/>
</testsuite> <!-- example.Example -->
