<?xml version="1.0" encoding="UTF-8"?>
<!-- Generated by org.testng.reporters.JUnitReportReporter -->
<testsuite hostname="Arshlan" failures="0" tests="3" name="example.PutPatchDeleteExample" time="3.331" errors="0" timestamp="2025-03-18T16:00:01 IST" skipped="0">
  <testcase classname="example.PutPatchDeleteExample" name="testPatch" time="0.549"/>
  <testcase classname="example.PutPatchDeleteExample" name="testPut" time="0.396"/>
  <testcase classname="example.PutPatchDeleteExample" name="testDelete" time="2.386"/>
</testsuite> <!-- example.PutPatchDeleteExample -->
