<?xml version="1.0" encoding="UTF-8"?>
<!-- Generated by org.testng.reporters.JUnitReportReporter -->
<testsuite hostname="Arshlan" failures="0" tests="1" name="example.GetAndPostExamples" time="2.384" errors="0" timestamp="2025-03-18T15:54:57 IST" skipped="0">
  <testcase classname="example.GetAndPostExamples" name="testPost" time="2.384"/>
</testsuite> <!-- example.GetAndPostExamples -->
