<?xml version="1.0" encoding="UTF-8"?>
<!-- Generated by org.testng.reporters.JUnitReportReporter -->
<testsuite hostname="Arshlan" failures="0" tests="1" name="day3.CookieDemo" time="2.798" errors="0" timestamp="2025-03-11T17:19:55 IST" skipped="0">
  <testcase classname="day3.CookieDemo" name="getCookiesInfo" time="2.798"/>
</testsuite> <!-- day3.CookieDemo -->
